<html>
<head>
<title>TestNG:  Default test</title>
<link href="../testng.css" rel="stylesheet" type="text/css" />
<link href="../my-testng.css" rel="stylesheet" type="text/css" />

<style type="text/css">
.log { display: none;} 
.stack-trace { display: none;} 
</style>
<script type="text/javascript">
<!--
function flip(e) {
  current = e.style.display;
  if (current == 'block') {
    e.style.display = 'none';
    return 0;
  }
  else {
    e.style.display = 'block';
    return 1;
  }
}

function toggleBox(szDivId, elem, msg1, msg2)
{
  var res = -1;  if (document.getElementById) {
    res = flip(document.getElementById(szDivId));
  }
  else if (document.all) {
    // this is the way old msie versions work
    res = flip(document.all[szDivId]);
  }
  if(elem) {
    if(res == 0) elem.innerHTML = msg1; else elem.innerHTML = msg2;
  }

}

function toggleAllBoxes() {
  if (document.getElementsByTagName) {
    d = document.getElementsByTagName('div');
    for (i = 0; i < d.length; i++) {
      if (d[i].className == 'log') {
        flip(d[i]);
      }
    }
  }
}

// -->
</script>

</head>
<body>
<h2 align='center'>Default test</h2><table border='1' align="center">
<tr>
<td>Tests passed/Failed/Skipped:</td><td>18/2/0</td>
</tr><tr>
<td>Started on:</td><td>Fri Jun 23 14:20:46 CEST 2023</td>
</tr>
<tr><td>Total time:</td><td>269 seconds (269077 ms)</td>
</tr><tr>
<td>Included groups:</td><td></td>
</tr><tr>
<td>Excluded groups:</td><td></td>
</tr>
</table><p/>
<small><i>(Hover the method name to see the test class name)</i></small><p/>
<table width='100%' border='1' class='invocation-failed'>
<tr><td colspan='4' align='center'><b>FAILED TESTS</b></td></tr>
<tr><td><b>Test method</b></td>
<td width="30%"><b>Exception</b></td>
<td width="10%"><b>Time (seconds)</b></td>
<td><b>Instance</b></td>
</tr>
<tr>
<td title='runners.MagentoStoreCucumberRunner.runScenario()'><b>runScenario</b><br>Test class: runners.MagentoStoreCucumberRunner<br>Test method: Runs Cucumber Scenarios<br>Parameters: "Valid email input during registration", "Registration"</td>
<td><div><pre>org.openqa.selenium.NoSuchElementException: Unable to locate element: #email_address\-error
For documentation on this error, please visit: https://selenium.dev/exceptions/#no_such_element
Build info: version: &apos;4.9.1&apos;, revision: &apos;eb2032df7f&apos;
System info: os.name: &apos;Windows 10&apos;, os.arch: &apos;amd64&apos;, os.version: &apos;10.0&apos;, java.version: &apos;11.0.12&apos;
Driver info: org.openqa.selenium.firefox.FirefoxDriver
Command: [15248087-f5c2-415f-9fd2-496fb4b223a8, findElement {using=id, value=email_address-error}]
Capabilities {acceptInsecureCerts: true, browserName: firefox, browserVersion: 114.0.1, moz:accessibilityChecks: false, moz:buildID: 20230608214645, moz:debuggerAddress: 127.0.0.1:12263, moz:geckodriverVersion: 0.33.0, moz:headless: true, moz:platformVersion: 10.0, moz:processID: 70356, moz:profile: C:\Users\Juan\AppData\Local..., moz:shutdownTimeout: 60000, moz:useNonSpecCompliantPointerOrigin: false, moz:webdriverClick: true, moz:windowless: false, pageLoadStrategy: normal, platformName: windows, proxy: Proxy(), se:cdp: ws://127.0.0.1:12263/devtoo..., se:cdpVersion: 85.0, setWindowRect: true, strictFileInteractability: false, timeouts: {implicit: 0, pageLoad: 300000, script: 30000}, unhandledPromptBehavior: dismiss and notify}
Session ID: 15248087-f5c2-415f-9fd2-496fb4b223a8
	at java.base/jdk.internal.reflect.NativeConstructorAccessorImpl.newInstance0(Native Method)
	at java.base/jdk.internal.reflect.NativeConstructorAccessorImpl.newInstance(NativeConstructorAccessorImpl.java:62)
	at java.base/jdk.internal.reflect.DelegatingConstructorAccessorImpl.newInstance(DelegatingConstructorAccessorImpl.java:45)
	at java.base/java.lang.reflect.Constructor.newInstance(Constructor.java:490)
	at org.openqa.selenium.remote.codec.w3c.W3CHttpResponseCodec.createException(W3CHttpResponseCodec.java:200)
	at org.openqa.selenium.remote.codec.w3c.W3CHttpResponseCodec.decode(W3CHttpResponseCodec.java:133)
	at org.openqa.selenium.remote.codec.w3c.W3CHttpResponseCodec.decode(W3CHttpResponseCodec.java:53)
	at org.openqa.selenium.remote.HttpCommandExecutor.execute(HttpCommandExecutor.java:193)
	at org.openqa.selenium.remote.service.DriverCommandExecutor.invokeExecute(DriverCommandExecutor.java:183)
	at org.openqa.selenium.remote.service.DriverCommandExecutor.execute(DriverCommandExecutor.java:158)
	at org.openqa.selenium.remote.RemoteWebDriver.execute(RemoteWebDriver.java:543)
	at org.openqa.selenium.remote.ElementLocation$ElementFinder$2.findElement(ElementLocation.java:162)
	at org.openqa.selenium.remote.ElementLocation.findElement(ElementLocation.java:60)
	at org.openqa.selenium.remote.RemoteWebDriver.findElement(RemoteWebDriver.java:352)
	at org.openqa.selenium.remote.RemoteWebDriver.findElement(RemoteWebDriver.java:344)
	at org.openqa.selenium.support.pagefactory.DefaultElementLocator.findElement(DefaultElementLocator.java:70)
	at org.openqa.selenium.support.pagefactory.internal.LocatingElementHandler.invoke(LocatingElementHandler.java:39)
	at com.sun.proxy.$Proxy28.isDisplayed(Unknown Source)
	at pageObjects.RegistrationPage.validateEmailField(RegistrationPage.java:110)
	at stepDefinitions.RegistrationSteps.message_about_changing_the_input_to_a_valid_format_should_not_appear(RegistrationSteps.java:81)
	at ?.Message about changing the input to a valid format should not appear(file:///C:/Users/Juan/Documents/Programiranje/Selenium/SeleniumBDDShowcaseProject/src/test/java/features/Registration.feature:33)
</pre></div><a href='#' onClick='toggleBox("stack-trace1166476526", this, "Click to show all stack frames", "Click to hide stack frames")'>Click to show all stack frames</a>
<div class='stack-trace' id='stack-trace1166476526'><pre>org.openqa.selenium.NoSuchElementException: Unable to locate element: #email_address\-error
For documentation on this error, please visit: https://selenium.dev/exceptions/#no_such_element
Build info: version: &apos;4.9.1&apos;, revision: &apos;eb2032df7f&apos;
System info: os.name: &apos;Windows 10&apos;, os.arch: &apos;amd64&apos;, os.version: &apos;10.0&apos;, java.version: &apos;11.0.12&apos;
Driver info: org.openqa.selenium.firefox.FirefoxDriver
Command: [15248087-f5c2-415f-9fd2-496fb4b223a8, findElement {using=id, value=email_address-error}]
Capabilities {acceptInsecureCerts: true, browserName: firefox, browserVersion: 114.0.1, moz:accessibilityChecks: false, moz:buildID: 20230608214645, moz:debuggerAddress: 127.0.0.1:12263, moz:geckodriverVersion: 0.33.0, moz:headless: true, moz:platformVersion: 10.0, moz:processID: 70356, moz:profile: C:\Users\Juan\AppData\Local..., moz:shutdownTimeout: 60000, moz:useNonSpecCompliantPointerOrigin: false, moz:webdriverClick: true, moz:windowless: false, pageLoadStrategy: normal, platformName: windows, proxy: Proxy(), se:cdp: ws://127.0.0.1:12263/devtoo..., se:cdpVersion: 85.0, setWindowRect: true, strictFileInteractability: false, timeouts: {implicit: 0, pageLoad: 300000, script: 30000}, unhandledPromptBehavior: dismiss and notify}
Session ID: 15248087-f5c2-415f-9fd2-496fb4b223a8
	at java.base/jdk.internal.reflect.NativeConstructorAccessorImpl.newInstance0(Native Method)
	at java.base/jdk.internal.reflect.NativeConstructorAccessorImpl.newInstance(NativeConstructorAccessorImpl.java:62)
	at java.base/jdk.internal.reflect.DelegatingConstructorAccessorImpl.newInstance(DelegatingConstructorAccessorImpl.java:45)
	at java.base/java.lang.reflect.Constructor.newInstance(Constructor.java:490)
	at org.openqa.selenium.remote.codec.w3c.W3CHttpResponseCodec.createException(W3CHttpResponseCodec.java:200)
	at org.openqa.selenium.remote.codec.w3c.W3CHttpResponseCodec.decode(W3CHttpResponseCodec.java:133)
	at org.openqa.selenium.remote.codec.w3c.W3CHttpResponseCodec.decode(W3CHttpResponseCodec.java:53)
	at org.openqa.selenium.remote.HttpCommandExecutor.execute(HttpCommandExecutor.java:193)
	at org.openqa.selenium.remote.service.DriverCommandExecutor.invokeExecute(DriverCommandExecutor.java:183)
	at org.openqa.selenium.remote.service.DriverCommandExecutor.execute(DriverCommandExecutor.java:158)
	at org.openqa.selenium.remote.RemoteWebDriver.execute(RemoteWebDriver.java:543)
	at org.openqa.selenium.remote.ElementLocation$ElementFinder$2.findElement(ElementLocation.java:162)
	at org.openqa.selenium.remote.ElementLocation.findElement(ElementLocation.java:60)
	at org.openqa.selenium.remote.RemoteWebDriver.findElement(RemoteWebDriver.java:352)
	at org.openqa.selenium.remote.RemoteWebDriver.findElement(RemoteWebDriver.java:344)
	at org.openqa.selenium.support.pagefactory.DefaultElementLocator.findElement(DefaultElementLocator.java:70)
	at org.openqa.selenium.support.pagefactory.internal.LocatingElementHandler.invoke(LocatingElementHandler.java:39)
	at com.sun.proxy.$Proxy28.isDisplayed(Unknown Source)
	at pageObjects.RegistrationPage.validateEmailField(RegistrationPage.java:110)
	at stepDefinitions.RegistrationSteps.message_about_changing_the_input_to_a_valid_format_should_not_appear(RegistrationSteps.java:81)
	at ?.Message about changing the input to a valid format should not appear(file:///C:/Users/Juan/Documents/Programiranje/Selenium/SeleniumBDDShowcaseProject/src/test/java/features/Registration.feature:33)
</pre></div></td>
<td>67</td>
<td>runners.MagentoStoreCucumberRunner@2c35e847</td></tr>
<tr>
<td title='runners.MagentoStoreCucumberRunner.runScenario()'><b>runScenario</b><br>Test class: runners.MagentoStoreCucumberRunner<br>Test method: Runs Cucumber Scenarios<br>Parameters: "Matching passwords during registration", "Registration"</td>
<td><div><pre>org.openqa.selenium.NoSuchElementException: Unable to locate element: #password\-confirmation\-error
For documentation on this error, please visit: https://selenium.dev/exceptions/#no_such_element
Build info: version: &apos;4.9.1&apos;, revision: &apos;eb2032df7f&apos;
System info: os.name: &apos;Windows 10&apos;, os.arch: &apos;amd64&apos;, os.version: &apos;10.0&apos;, java.version: &apos;11.0.12&apos;
Driver info: org.openqa.selenium.firefox.FirefoxDriver
Command: [61c8aae7-4e9f-43eb-885f-979989cb83e5, findElement {using=id, value=password-confirmation-error}]
Capabilities {acceptInsecureCerts: true, browserName: firefox, browserVersion: 114.0.1, moz:accessibilityChecks: false, moz:buildID: 20230608214645, moz:debuggerAddress: 127.0.0.1:5381, moz:geckodriverVersion: 0.33.0, moz:headless: true, moz:platformVersion: 10.0, moz:processID: 96428, moz:profile: C:\Users\Juan\AppData\Local..., moz:shutdownTimeout: 60000, moz:useNonSpecCompliantPointerOrigin: false, moz:webdriverClick: true, moz:windowless: false, pageLoadStrategy: normal, platformName: windows, proxy: Proxy(), se:cdp: ws://127.0.0.1:5381/devtool..., se:cdpVersion: 85.0, setWindowRect: true, strictFileInteractability: false, timeouts: {implicit: 0, pageLoad: 300000, script: 30000}, unhandledPromptBehavior: dismiss and notify}
Session ID: 61c8aae7-4e9f-43eb-885f-979989cb83e5
	at java.base/jdk.internal.reflect.NativeConstructorAccessorImpl.newInstance0(Native Method)
	at java.base/jdk.internal.reflect.NativeConstructorAccessorImpl.newInstance(NativeConstructorAccessorImpl.java:62)
	at java.base/jdk.internal.reflect.DelegatingConstructorAccessorImpl.newInstance(DelegatingConstructorAccessorImpl.java:45)
	at java.base/java.lang.reflect.Constructor.newInstance(Constructor.java:490)
	at org.openqa.selenium.remote.codec.w3c.W3CHttpResponseCodec.createException(W3CHttpResponseCodec.java:200)
	at org.openqa.selenium.remote.codec.w3c.W3CHttpResponseCodec.decode(W3CHttpResponseCodec.java:133)
	at org.openqa.selenium.remote.codec.w3c.W3CHttpResponseCodec.decode(W3CHttpResponseCodec.java:53)
	at org.openqa.selenium.remote.HttpCommandExecutor.execute(HttpCommandExecutor.java:193)
	at org.openqa.selenium.remote.service.DriverCommandExecutor.invokeExecute(DriverCommandExecutor.java:183)
	at org.openqa.selenium.remote.service.DriverCommandExecutor.execute(DriverCommandExecutor.java:158)
	at org.openqa.selenium.remote.RemoteWebDriver.execute(RemoteWebDriver.java:543)
	at org.openqa.selenium.remote.ElementLocation$ElementFinder$2.findElement(ElementLocation.java:162)
	at org.openqa.selenium.remote.ElementLocation.findElement(ElementLocation.java:60)
	at org.openqa.selenium.remote.RemoteWebDriver.findElement(RemoteWebDriver.java:352)
	at org.openqa.selenium.remote.RemoteWebDriver.findElement(RemoteWebDriver.java:344)
	at org.openqa.selenium.support.pagefactory.DefaultElementLocator.findElement(DefaultElementLocator.java:70)
	at org.openqa.selenium.support.pagefactory.internal.LocatingElementHandler.invoke(LocatingElementHandler.java:39)
	at com.sun.proxy.$Proxy28.isDisplayed(Unknown Source)
	at pageObjects.RegistrationPage.validateMatchingPasswords(RegistrationPage.java:155)
	at stepDefinitions.RegistrationSteps.message_about_passwords_not_matching_should_not_appear(RegistrationSteps.java:124)
	at ?.Message about passwords not matching should not appear(file:///C:/Users/Juan/Documents/Programiranje/Selenium/SeleniumBDDShowcaseProject/src/test/java/features/Registration.feature:53)
</pre></div><a href='#' onClick='toggleBox("stack-trace596403167", this, "Click to show all stack frames", "Click to hide stack frames")'>Click to show all stack frames</a>
<div class='stack-trace' id='stack-trace596403167'><pre>org.openqa.selenium.NoSuchElementException: Unable to locate element: #password\-confirmation\-error
For documentation on this error, please visit: https://selenium.dev/exceptions/#no_such_element
Build info: version: &apos;4.9.1&apos;, revision: &apos;eb2032df7f&apos;
System info: os.name: &apos;Windows 10&apos;, os.arch: &apos;amd64&apos;, os.version: &apos;10.0&apos;, java.version: &apos;11.0.12&apos;
Driver info: org.openqa.selenium.firefox.FirefoxDriver
Command: [61c8aae7-4e9f-43eb-885f-979989cb83e5, findElement {using=id, value=password-confirmation-error}]
Capabilities {acceptInsecureCerts: true, browserName: firefox, browserVersion: 114.0.1, moz:accessibilityChecks: false, moz:buildID: 20230608214645, moz:debuggerAddress: 127.0.0.1:5381, moz:geckodriverVersion: 0.33.0, moz:headless: true, moz:platformVersion: 10.0, moz:processID: 96428, moz:profile: C:\Users\Juan\AppData\Local..., moz:shutdownTimeout: 60000, moz:useNonSpecCompliantPointerOrigin: false, moz:webdriverClick: true, moz:windowless: false, pageLoadStrategy: normal, platformName: windows, proxy: Proxy(), se:cdp: ws://127.0.0.1:5381/devtool..., se:cdpVersion: 85.0, setWindowRect: true, strictFileInteractability: false, timeouts: {implicit: 0, pageLoad: 300000, script: 30000}, unhandledPromptBehavior: dismiss and notify}
Session ID: 61c8aae7-4e9f-43eb-885f-979989cb83e5
	at java.base/jdk.internal.reflect.NativeConstructorAccessorImpl.newInstance0(Native Method)
	at java.base/jdk.internal.reflect.NativeConstructorAccessorImpl.newInstance(NativeConstructorAccessorImpl.java:62)
	at java.base/jdk.internal.reflect.DelegatingConstructorAccessorImpl.newInstance(DelegatingConstructorAccessorImpl.java:45)
	at java.base/java.lang.reflect.Constructor.newInstance(Constructor.java:490)
	at org.openqa.selenium.remote.codec.w3c.W3CHttpResponseCodec.createException(W3CHttpResponseCodec.java:200)
	at org.openqa.selenium.remote.codec.w3c.W3CHttpResponseCodec.decode(W3CHttpResponseCodec.java:133)
	at org.openqa.selenium.remote.codec.w3c.W3CHttpResponseCodec.decode(W3CHttpResponseCodec.java:53)
	at org.openqa.selenium.remote.HttpCommandExecutor.execute(HttpCommandExecutor.java:193)
	at org.openqa.selenium.remote.service.DriverCommandExecutor.invokeExecute(DriverCommandExecutor.java:183)
	at org.openqa.selenium.remote.service.DriverCommandExecutor.execute(DriverCommandExecutor.java:158)
	at org.openqa.selenium.remote.RemoteWebDriver.execute(RemoteWebDriver.java:543)
	at org.openqa.selenium.remote.ElementLocation$ElementFinder$2.findElement(ElementLocation.java:162)
	at org.openqa.selenium.remote.ElementLocation.findElement(ElementLocation.java:60)
	at org.openqa.selenium.remote.RemoteWebDriver.findElement(RemoteWebDriver.java:352)
	at org.openqa.selenium.remote.RemoteWebDriver.findElement(RemoteWebDriver.java:344)
	at org.openqa.selenium.support.pagefactory.DefaultElementLocator.findElement(DefaultElementLocator.java:70)
	at org.openqa.selenium.support.pagefactory.internal.LocatingElementHandler.invoke(LocatingElementHandler.java:39)
	at com.sun.proxy.$Proxy28.isDisplayed(Unknown Source)
	at pageObjects.RegistrationPage.validateMatchingPasswords(RegistrationPage.java:155)
	at stepDefinitions.RegistrationSteps.message_about_passwords_not_matching_should_not_appear(RegistrationSteps.java:124)
	at ?.Message about passwords not matching should not appear(file:///C:/Users/Juan/Documents/Programiranje/Selenium/SeleniumBDDShowcaseProject/src/test/java/features/Registration.feature:53)
</pre></div></td>
<td>67</td>
<td>runners.MagentoStoreCucumberRunner@2c35e847</td></tr>
</table><p>
<table width='100%' border='1' class='invocation-passed'>
<tr><td colspan='4' align='center'><b>PASSED TESTS</b></td></tr>
<tr><td><b>Test method</b></td>
<td width="30%"><b>Exception</b></td>
<td width="10%"><b>Time (seconds)</b></td>
<td><b>Instance</b></td>
</tr>
<tr>
<td title='runners.MagentoStoreCucumberRunner.runScenario()'><b>runScenario</b><br>Test class: runners.MagentoStoreCucumberRunner<br>Test method: Runs Cucumber Scenarios<br>Parameters: "Adding product to comparison list and viewing it by clicking the link from confirmation message", "Product comparison"</td>
<td></td>
<td>10</td>
<td>runners.MagentoStoreCucumberRunner@2c35e847</td></tr>
<tr>
<td title='runners.MagentoStoreCucumberRunner.runScenario()'><b>runScenario</b><br>Test class: runners.MagentoStoreCucumberRunner<br>Test method: Runs Cucumber Scenarios<br>Parameters: "Adding product to comparison list and viewing it by clicking the header link", "Product comparison"</td>
<td></td>
<td>9</td>
<td>runners.MagentoStoreCucumberRunner@2c35e847</td></tr>
<tr>
<td title='runners.MagentoStoreCucumberRunner.runScenario()'><b>runScenario</b><br>Test class: runners.MagentoStoreCucumberRunner<br>Test method: Runs Cucumber Scenarios<br>Parameters: "Remove product from comparison list", "Product comparison"</td>
<td></td>
<td>10</td>
<td>runners.MagentoStoreCucumberRunner@2c35e847</td></tr>
<tr>
<td title='runners.MagentoStoreCucumberRunner.runScenario()'><b>runScenario</b><br>Test class: runners.MagentoStoreCucumberRunner<br>Test method: Runs Cucumber Scenarios<br>Parameters: "Leaving a review with all mandatory fields filled", "Product review"</td>
<td></td>
<td>9</td>
<td>runners.MagentoStoreCucumberRunner@2c35e847</td></tr>
<tr>
<td title='runners.MagentoStoreCucumberRunner.runScenario()'><b>runScenario</b><br>Test class: runners.MagentoStoreCucumberRunner<br>Test method: Runs Cucumber Scenarios<br>Parameters: "Leaving a review without any fields filled", "Product review"</td>
<td></td>
<td>6</td>
<td>runners.MagentoStoreCucumberRunner@2c35e847</td></tr>
<tr>
<td title='runners.MagentoStoreCucumberRunner.runScenario()'><b>runScenario</b><br>Test class: runners.MagentoStoreCucumberRunner<br>Test method: Runs Cucumber Scenarios<br>Parameters: "Register without any fields filled", "Registration"</td>
<td></td>
<td>6</td>
<td>runners.MagentoStoreCucumberRunner@2c35e847</td></tr>
<tr>
<td title='runners.MagentoStoreCucumberRunner.runScenario()'><b>runScenario</b><br>Test class: runners.MagentoStoreCucumberRunner<br>Test method: Runs Cucumber Scenarios<br>Parameters: "Register with all mandatory fields filled", "Registration"</td>
<td></td>
<td>6</td>
<td>runners.MagentoStoreCucumberRunner@2c35e847</td></tr>
<tr>
<td title='runners.MagentoStoreCucumberRunner.runScenario()'><b>runScenario</b><br>Test class: runners.MagentoStoreCucumberRunner<br>Test method: Runs Cucumber Scenarios<br>Parameters: "Register with all mandatory fields filled and subscription checked", "Registration"</td>
<td></td>
<td>7</td>
<td>runners.MagentoStoreCucumberRunner@2c35e847</td></tr>
<tr>
<td title='runners.MagentoStoreCucumberRunner.runScenario()'><b>runScenario</b><br>Test class: runners.MagentoStoreCucumberRunner<br>Test method: Runs Cucumber Scenarios<br>Parameters: "Invalid email input during registration", "Registration"</td>
<td></td>
<td>6</td>
<td>runners.MagentoStoreCucumberRunner@2c35e847</td></tr>
<tr>
<td title='runners.MagentoStoreCucumberRunner.runScenario()'><b>runScenario</b><br>Test class: runners.MagentoStoreCucumberRunner<br>Test method: Runs Cucumber Scenarios<br>Parameters: "Password input with smaller than minimal required length during registration", "Registration"</td>
<td></td>
<td>6</td>
<td>runners.MagentoStoreCucumberRunner@2c35e847</td></tr>
<tr>
<td title='runners.MagentoStoreCucumberRunner.runScenario()'><b>runScenario</b><br>Test class: runners.MagentoStoreCucumberRunner<br>Test method: Runs Cucumber Scenarios<br>Parameters: "Password input of minimal required length during registration", "Registration"</td>
<td></td>
<td>6</td>
<td>runners.MagentoStoreCucumberRunner@2c35e847</td></tr>
<tr>
<td title='runners.MagentoStoreCucumberRunner.runScenario()'><b>runScenario</b><br>Test class: runners.MagentoStoreCucumberRunner<br>Test method: Runs Cucumber Scenarios<br>Parameters: "Password input with greater than minimal required length during registration", "Registration"</td>
<td></td>
<td>6</td>
<td>runners.MagentoStoreCucumberRunner@2c35e847</td></tr>
<tr>
<td title='runners.MagentoStoreCucumberRunner.runScenario()'><b>runScenario</b><br>Test class: runners.MagentoStoreCucumberRunner<br>Test method: Runs Cucumber Scenarios<br>Parameters: "Passwords not matching during registration", "Registration"</td>
<td></td>
<td>6</td>
<td>runners.MagentoStoreCucumberRunner@2c35e847</td></tr>
<tr>
<td title='runners.MagentoStoreCucumberRunner.runScenario()'><b>runScenario</b><br>Test class: runners.MagentoStoreCucumberRunner<br>Test method: Runs Cucumber Scenarios<br>Parameters: "Password strength is weak during registration", "Registration"</td>
<td></td>
<td>6</td>
<td>runners.MagentoStoreCucumberRunner@2c35e847</td></tr>
<tr>
<td title='runners.MagentoStoreCucumberRunner.runScenario()'><b>runScenario</b><br>Test class: runners.MagentoStoreCucumberRunner<br>Test method: Runs Cucumber Scenarios<br>Parameters: "Password strength is strong during registration", "Registration"</td>
<td></td>
<td>6</td>
<td>runners.MagentoStoreCucumberRunner@2c35e847</td></tr>
<tr>
<td title='runners.MagentoStoreCucumberRunner.runScenario()'><b>runScenario</b><br>Test class: runners.MagentoStoreCucumberRunner<br>Test method: Runs Cucumber Scenarios<br>Parameters: "Password strength is very strong during registration", "Registration"</td>
<td></td>
<td>5</td>
<td>runners.MagentoStoreCucumberRunner@2c35e847</td></tr>
<tr>
<td title='runners.MagentoStoreCucumberRunner.runScenario()'><b>runScenario</b><br>Test class: runners.MagentoStoreCucumberRunner<br>Test method: Runs Cucumber Scenarios<br>Parameters: "Adding product to cart with all mandatory fields filled", "Shopping cart"</td>
<td></td>
<td>10</td>
<td>runners.MagentoStoreCucumberRunner@2c35e847</td></tr>
<tr>
<td title='runners.MagentoStoreCucumberRunner.runScenario()'><b>runScenario</b><br>Test class: runners.MagentoStoreCucumberRunner<br>Test method: Runs Cucumber Scenarios<br>Parameters: "Adding product to cart without any fields filled", "Shopping cart"</td>
<td></td>
<td>6</td>
<td>runners.MagentoStoreCucumberRunner@2c35e847</td></tr>
</table><p>
</body>
</html>